<?xml version="1.0" encoding="UTF-8"?>
<!-- Generated by org.testng.reporters.JUnitXMLReporter -->
<testsuite ignored="0" hostname="AvinashPerumalla" failures="1" tests="2" name="Test" time="33.028" errors="0" timestamp="2024-01-25T07:59:13 IST">
  <testcase classname="testClases.TC_001_AccountRegistration" name="test_account_registration" time="10.205"/>
  <testcase classname="testClases.TC_002_Login" name="test_Login" time="15.259">
    <failure type="java.lang.AssertionError" message="expected [true] but found [false]">
      <![CDATA[java.lang.AssertionError: expected [true] but found [false]
at testClases.TC_002_Login.test_Login(TC_002_Login.java:44)
at java.base/java.util.ArrayList.forEach(ArrayList.java:1511)
... Removed 31 stack frames]]>
    </failure>
  </testcase> <!-- test_Login -->
</testsuite> <!-- Test -->
